{
  "RSpec": {
    "coverage": {
      "/Users/alfie/Desktop/code/week4/bookmarks_monday/spec/bookmarks_spec.rb": [
        1,
        null,
        1,
        1,
        1,
        1,
        1,
        1,
        1,
        null,
        null,
        null
      ],
      "/Users/alfie/Desktop/code/week4/bookmarks_monday/spec/features/add_bookmark_spec.rb": [
        1,
        1,
        1,
        1,
        1,
        1,
        1,
        1,
        null,
        null
      ],
      "/Users/alfie/Desktop/code/week4/bookmarks_monday/spec/features/index_spec.rb": [
        1,
        1,
        1,
        1,
        1,
        1,
        1,
        null,
        null
      ]
    },
    "timestamp": 1540310912
  }
}
